C:\USERS\S_BILOGA\DESKTOP\POLARIZEDLADDER\DEBUG\AIPLAYER.OBJ
C:\USERS\S_BILOGA\DESKTOP\POLARIZEDLADDER\DEBUG\BOARD.OBJ
C:\USERS\S_BILOGA\DESKTOP\POLARIZEDLADDER\DEBUG\HUMANPLAYER.OBJ
C:\USERS\S_BILOGA\DESKTOP\POLARIZEDLADDER\DEBUG\MAIN.OBJ
C:\USERS\S_BILOGA\DESKTOP\POLARIZEDLADDER\DEBUG\PLAYER.OBJ
C:\USERS\S_BILOGA\DESKTOP\POLARIZEDLADDER\DEBUG\TREE.OBJ
C:\USERS\S_BILOGA\DESKTOP\POLARIZEDLADDER\DEBUG\VC110.PDB
C:\USERS\S_BILOGA\DESKTOP\POLARIZEDLADDER\DEBUG\POLARIZEDLADDER.ILK
C:\USERS\S_BILOGA\DESKTOP\POLARIZEDLADDER\DEBUG\POLARIZEDLADDER.EXE
C:\USERS\S_BILOGA\DESKTOP\POLARIZEDLADDER\DEBUG\POLARIZEDLADDER.PDB
C:\Users\s_biloga\Desktop\PolarizedLadder\Debug\AIPlayer.obj
C:\Users\s_biloga\Desktop\PolarizedLadder\Debug\Board.obj
C:\Users\s_biloga\Desktop\PolarizedLadder\Debug\HumanPlayer.obj
C:\Users\s_biloga\Desktop\PolarizedLadder\Debug\main.obj
C:\Users\s_biloga\Desktop\PolarizedLadder\Debug\Player.obj
C:\Users\s_biloga\Desktop\PolarizedLadder\Debug\Tree.obj
C:\Users\s_biloga\Desktop\PolarizedLadder\Debug\PolarizedLadder.ilk
C:\Users\s_biloga\Desktop\PolarizedLadder\Debug\cl.command.1.tlog
C:\Users\s_biloga\Desktop\PolarizedLadder\Debug\CL.read.1.tlog
C:\Users\s_biloga\Desktop\PolarizedLadder\Debug\CL.write.1.tlog
C:\Users\s_biloga\Desktop\PolarizedLadder\Debug\link-cvtres.read.1.tlog
C:\Users\s_biloga\Desktop\PolarizedLadder\Debug\link-cvtres.write.1.tlog
C:\Users\s_biloga\Desktop\PolarizedLadder\Debug\link-rc.read.1.tlog
C:\Users\s_biloga\Desktop\PolarizedLadder\Debug\link-rc.write.1.tlog
C:\Users\s_biloga\Desktop\PolarizedLadder\Debug\link.1248-cvtres.read.1.tlog
C:\Users\s_biloga\Desktop\PolarizedLadder\Debug\link.1248-cvtres.write.1.tlog
C:\Users\s_biloga\Desktop\PolarizedLadder\Debug\link.1248-rc.read.1.tlog
C:\Users\s_biloga\Desktop\PolarizedLadder\Debug\link.1248-rc.write.1.tlog
C:\Users\s_biloga\Desktop\PolarizedLadder\Debug\link.1248.read.1.tlog
C:\Users\s_biloga\Desktop\PolarizedLadder\Debug\link.1248.write.1.tlog
C:\Users\s_biloga\Desktop\PolarizedLadder\Debug\link.1384-cvtres.read.1.tlog
C:\Users\s_biloga\Desktop\PolarizedLadder\Debug\link.1384-cvtres.write.1.tlog
C:\Users\s_biloga\Desktop\PolarizedLadder\Debug\link.1384-rc.read.1.tlog
C:\Users\s_biloga\Desktop\PolarizedLadder\Debug\link.1384-rc.write.1.tlog
C:\Users\s_biloga\Desktop\PolarizedLadder\Debug\link.1384.read.1.tlog
C:\Users\s_biloga\Desktop\PolarizedLadder\Debug\link.1384.write.1.tlog
C:\Users\s_biloga\Desktop\PolarizedLadder\Debug\link.3444-cvtres.read.1.tlog
C:\Users\s_biloga\Desktop\PolarizedLadder\Debug\link.3444-cvtres.write.1.tlog
C:\Users\s_biloga\Desktop\PolarizedLadder\Debug\link.3444-rc.read.1.tlog
C:\Users\s_biloga\Desktop\PolarizedLadder\Debug\link.3444-rc.write.1.tlog
C:\Users\s_biloga\Desktop\PolarizedLadder\Debug\link.3444.read.1.tlog
C:\Users\s_biloga\Desktop\PolarizedLadder\Debug\link.3444.write.1.tlog
C:\Users\s_biloga\Desktop\PolarizedLadder\Debug\link.388-cvtres.read.1.tlog
C:\Users\s_biloga\Desktop\PolarizedLadder\Debug\link.388-cvtres.write.1.tlog
C:\Users\s_biloga\Desktop\PolarizedLadder\Debug\link.388-rc.read.1.tlog
C:\Users\s_biloga\Desktop\PolarizedLadder\Debug\link.388-rc.write.1.tlog
C:\Users\s_biloga\Desktop\PolarizedLadder\Debug\link.388.read.1.tlog
C:\Users\s_biloga\Desktop\PolarizedLadder\Debug\link.388.write.1.tlog
C:\Users\s_biloga\Desktop\PolarizedLadder\Debug\link.4848-cvtres.read.1.tlog
C:\Users\s_biloga\Desktop\PolarizedLadder\Debug\link.4848-cvtres.write.1.tlog
C:\Users\s_biloga\Desktop\PolarizedLadder\Debug\link.4848-rc.read.1.tlog
C:\Users\s_biloga\Desktop\PolarizedLadder\Debug\link.4848-rc.write.1.tlog
C:\Users\s_biloga\Desktop\PolarizedLadder\Debug\link.4848.read.1.tlog
C:\Users\s_biloga\Desktop\PolarizedLadder\Debug\link.4848.write.1.tlog
C:\Users\s_biloga\Desktop\PolarizedLadder\Debug\link.4888-cvtres.read.1.tlog
C:\Users\s_biloga\Desktop\PolarizedLadder\Debug\link.4888-cvtres.write.1.tlog
C:\Users\s_biloga\Desktop\PolarizedLadder\Debug\link.4888-rc.read.1.tlog
C:\Users\s_biloga\Desktop\PolarizedLadder\Debug\link.4888-rc.write.1.tlog
C:\Users\s_biloga\Desktop\PolarizedLadder\Debug\link.4888.read.1.tlog
C:\Users\s_biloga\Desktop\PolarizedLadder\Debug\link.4888.write.1.tlog
C:\Users\s_biloga\Desktop\PolarizedLadder\Debug\link.5016-cvtres.read.1.tlog
C:\Users\s_biloga\Desktop\PolarizedLadder\Debug\link.5016-cvtres.write.1.tlog
C:\Users\s_biloga\Desktop\PolarizedLadder\Debug\link.5016-rc.read.1.tlog
C:\Users\s_biloga\Desktop\PolarizedLadder\Debug\link.5016-rc.write.1.tlog
C:\Users\s_biloga\Desktop\PolarizedLadder\Debug\link.5016.read.1.tlog
C:\Users\s_biloga\Desktop\PolarizedLadder\Debug\link.5016.write.1.tlog
C:\Users\s_biloga\Desktop\PolarizedLadder\Debug\link.5884-cvtres.read.1.tlog
C:\Users\s_biloga\Desktop\PolarizedLadder\Debug\link.5884-cvtres.write.1.tlog
C:\Users\s_biloga\Desktop\PolarizedLadder\Debug\link.5884-rc.read.1.tlog
C:\Users\s_biloga\Desktop\PolarizedLadder\Debug\link.5884-rc.write.1.tlog
C:\Users\s_biloga\Desktop\PolarizedLadder\Debug\link.5884.read.1.tlog
C:\Users\s_biloga\Desktop\PolarizedLadder\Debug\link.5884.write.1.tlog
C:\Users\s_biloga\Desktop\PolarizedLadder\Debug\link.5952-cvtres.read.1.tlog
C:\Users\s_biloga\Desktop\PolarizedLadder\Debug\link.5952-cvtres.write.1.tlog
C:\Users\s_biloga\Desktop\PolarizedLadder\Debug\link.5952-rc.read.1.tlog
C:\Users\s_biloga\Desktop\PolarizedLadder\Debug\link.5952-rc.write.1.tlog
C:\Users\s_biloga\Desktop\PolarizedLadder\Debug\link.5952.read.1.tlog
C:\Users\s_biloga\Desktop\PolarizedLadder\Debug\link.5952.write.1.tlog
C:\Users\s_biloga\Desktop\PolarizedLadder\Debug\link.920-cvtres.read.1.tlog
C:\Users\s_biloga\Desktop\PolarizedLadder\Debug\link.920-cvtres.write.1.tlog
C:\Users\s_biloga\Desktop\PolarizedLadder\Debug\link.920-rc.read.1.tlog
C:\Users\s_biloga\Desktop\PolarizedLadder\Debug\link.920-rc.write.1.tlog
C:\Users\s_biloga\Desktop\PolarizedLadder\Debug\link.920.read.1.tlog
C:\Users\s_biloga\Desktop\PolarizedLadder\Debug\link.920.write.1.tlog
C:\Users\s_biloga\Desktop\PolarizedLadder\Debug\link.command.1.tlog
C:\Users\s_biloga\Desktop\PolarizedLadder\Debug\link.read.1.tlog
C:\Users\s_biloga\Desktop\PolarizedLadder\Debug\link.write.1.tlog
C:\Users\s_biloga\Desktop\PolarizedLadder\Debug\vc110.idb
C:\Users\s_biloga\Desktop\PolarizedLadder\Debug\PolarizedLadder.pdb
C:\Users\s_biloga\Desktop\PolarizedLadder\Debug\vc110.pdb
C:\Users\s_biloga\Desktop\PolarizedLadder\Debug\PolarizedLadder.exe
